- Bandup version: 0.2.1
========================================================================
- Generating SC Kpoints...
========================================================================
- Folding info:
-- Total number of unique PC kpoints: 88 (85 unique)
-- 85 unique PC k-points => 84 unique SC K-points
-- Percentage folding: 1.176 %
========================================================================
- Special k-points (pos_index, label): {0: 'L', 22: 'G', 23: 'G', 49: 'X', 50: 'X', 58: 'U', 59: 'K', 87: 'G'}
========================================================================
- K-k relation: (K index: K -> k index unique: k unique -> k index: k)
--     0:  0.00000000    0.00000000    0.00000000
	---     0:  0.00000000    0.00000000    0.00000000
		----    22:  0.00000000    0.00000000    0.00000000
		----    23:  0.00000000    0.00000000    0.00000000
		----    87:  0.00000000    0.00000000    0.00000000
	---    75:  0.50000000    0.00000000    0.50000000
		----    49:  0.50000000    0.00000000    0.50000000
		----    50:  0.50000000    0.00000000    0.50000000
--     1:  0.00000000    0.03846154    0.00000000
	---     2:  0.01923077    0.00000000    0.01923077
		----    24:  0.01923077    0.00000000    0.01923077
--     2:  0.00000000    0.07692308    0.00000000
	---     5:  0.03846154    0.00000000    0.03846154
		----    25:  0.03846154    0.00000000    0.03846154
--     3:  0.00000000    0.11538462    0.00000000
	---     9:  0.05769231    0.00000000    0.05769231
		----    26:  0.05769231    0.00000000    0.05769231
--     4:  0.00000000    0.15384615    0.00000000
	---    12:  0.07692308    0.00000000    0.07692308
		----    27:  0.07692308    0.00000000    0.07692308
--     5:  0.00000000    0.19230769    0.00000000
	---    16:  0.09615385    0.00000000    0.09615385
		----    28:  0.09615385    0.00000000    0.09615385
--     6:  0.00000000    0.23076923    0.00000000
	---    19:  0.11538462    0.00000000    0.11538462
		----    29:  0.11538462    0.00000000    0.11538462
--     7:  0.00000000    0.26923077    0.00000000
	---    22:  0.13461538    0.00000000    0.13461538
		----    30:  0.13461538    0.00000000    0.13461538
--     8:  0.00000000    0.30769231    0.00000000
	---    25:  0.15384615    0.00000000    0.15384615
		----    31:  0.15384615    0.00000000    0.15384615
--     9:  0.00000000    0.34615385    0.00000000
	---    28:  0.17307692    0.00000000    0.17307692
		----    32:  0.17307692    0.00000000    0.17307692
--    10:  0.00000000    0.38461538    0.00000000
	---    32:  0.19230769    0.00000000    0.19230769
		----    33:  0.19230769    0.00000000    0.19230769
--    11:  0.00000000    0.42307692    0.00000000
	---    35:  0.21153846    0.00000000    0.21153846
		----    34:  0.21153846    0.00000000    0.21153846
--    12:  0.00000000    0.46153846    0.00000000
	---    39:  0.23076923    0.00000000    0.23076923
		----    35:  0.23076923    0.00000000    0.23076923
--    13:  0.00000000    0.50000000    0.00000000
	---    41:  0.25000000    0.00000000    0.25000000
		----    36:  0.25000000    0.00000000    0.25000000
--    14:  0.00000000    0.53846154    0.00000000
	---    45:  0.26923077    0.00000000    0.26923077
		----    37:  0.26923077    0.00000000    0.26923077
--    15:  0.00000000    0.57692308    0.00000000
	---    48:  0.28846154    0.00000000    0.28846154
		----    38:  0.28846154    0.00000000    0.28846154
--    16:  0.00000000    0.61538462    0.00000000
	---    51:  0.30769231    0.00000000    0.30769231
		----    39:  0.30769231    0.00000000    0.30769231
--    17:  0.00000000    0.65384615    0.00000000
	---    55:  0.32692308    0.00000000    0.32692308
		----    40:  0.32692308    0.00000000    0.32692308
--    18:  0.00000000    0.69230769    0.00000000
	---    58:  0.34615385    0.00000000    0.34615385
		----    41:  0.34615385    0.00000000    0.34615385
--    19:  0.00000000    0.73076923    0.00000000
	---    62:  0.36538462    0.00000000    0.36538462
		----    42:  0.36538462    0.00000000    0.36538462
--    20:  0.00000000    0.76923077    0.00000000
	---    64:  0.38461538    0.00000000    0.38461538
		----    43:  0.38461538    0.00000000    0.38461538
--    21:  0.00000000    0.80769231    0.00000000
	---    66:  0.40384615    0.00000000    0.40384615
		----    44:  0.40384615    0.00000000    0.40384615
--    22:  0.00000000    0.84615385    0.00000000
	---    68:  0.42307692    0.00000000    0.42307692
		----    45:  0.42307692    0.00000000    0.42307692
--    23:  0.00000000    0.88461538    0.00000000
	---    70:  0.44230769    0.00000000    0.44230769
		----    46:  0.44230769    0.00000000    0.44230769
--    24:  0.00000000    0.92307692    0.00000000
	---    72:  0.46153846    0.00000000    0.46153846
		----    47:  0.46153846    0.00000000    0.46153846
--    25:  0.00000000    0.96153846    0.00000000
	---    74:  0.48076923    0.00000000    0.48076923
		----    48:  0.48076923    0.00000000    0.48076923
--    26:  0.02272727    0.02272727    0.02272727
	---     3:  0.02272727    0.02272727    0.02272727
		----    21:  0.02272727    0.02272727    0.02272727
--    27:  0.02678571    0.02678571    1.00000000
	---     1:  0.01339286    0.01339286    0.02678571
		----    86:  0.01339286    0.01339286    0.02678571
--    28:  0.03125000    0.00000000    0.03125000
	---    77:  0.51562500    0.03125000    0.51562500
		----    51:  0.51562500    0.03125000    0.51562500
--    29:  0.04545455    0.04545455    0.04545455
	---     7:  0.04545455    0.04545455    0.04545455
		----    20:  0.04545455    0.04545455    0.04545455
--    30:  0.05357143    0.05357143    0.00000000
	---     4:  0.02678571    0.02678571    0.05357143
		----    85:  0.02678571    0.02678571    0.05357143
--    31:  0.06250000    0.00000000    0.06250000
	---    78:  0.53125000    0.06250000    0.53125000
		----    52:  0.53125000    0.06250000    0.53125000
--    32:  0.06818182    0.06818182    0.06818182
	---    11:  0.06818182    0.06818182    0.06818182
		----    19:  0.06818182    0.06818182    0.06818182
--    33:  0.08035714    0.08035714    1.00000000
	---     6:  0.04017857    0.04017857    0.08035714
		----    84:  0.04017857    0.04017857    0.08035714
--    34:  0.09090909    0.09090909    0.09090909
	---    14:  0.09090909    0.09090909    0.09090909
		----    18:  0.09090909    0.09090909    0.09090909
--    35:  0.09375000    0.00000000    0.09375000
	---    79:  0.54687500    0.09375000    0.54687500
		----    53:  0.54687500    0.09375000    0.54687500
--    36:  0.10714286    0.10714286    0.00000000
	---     8:  0.05357143    0.05357143    0.10714286
		----    83:  0.05357143    0.05357143    0.10714286
--    37:  0.11363636    0.11363636    0.11363636
	---    18:  0.11363636    0.11363636    0.11363636
		----    17:  0.11363636    0.11363636    0.11363636
--    38:  0.12500000    0.00000000    0.12500000
	---    80:  0.56250000    0.12500000    0.56250000
		----    54:  0.56250000    0.12500000    0.56250000
--    39:  0.13392857    0.13392857    0.00000000
	---    10:  0.06696429    0.06696429    0.13392857
		----    82:  0.06696429    0.06696429    0.13392857
--    40:  0.13636364    0.13636364    0.13636364
	---    23:  0.13636364    0.13636364    0.13636364
		----    16:  0.13636364    0.13636364    0.13636364
--    41:  0.15625000    0.00000000    0.15625000
	---    81:  0.57812500    0.15625000    0.57812500
		----    55:  0.57812500    0.15625000    0.57812500
--    42:  0.15909091    0.15909091    0.15909091
	---    26:  0.15909091    0.15909091    0.15909091
		----    15:  0.15909091    0.15909091    0.15909091
--    43:  0.16071429    0.16071429    0.00000000
	---    13:  0.08035714    0.08035714    0.16071429
		----    81:  0.08035714    0.08035714    0.16071429
--    44:  0.18181818    0.18181818    0.18181818
	---    30:  0.18181818    0.18181818    0.18181818
		----    14:  0.18181818    0.18181818    0.18181818
--    45:  0.18750000    0.00000000    0.18750000
	---    82:  0.59375000    0.18750000    0.59375000
		----    56:  0.59375000    0.18750000    0.59375000
--    46:  0.18750000    0.18750000    0.00000000
	---    15:  0.09375000    0.09375000    0.18750000
		----    80:  0.09375000    0.09375000    0.18750000
--    47:  0.20454545    0.20454545    0.20454545
	---    34:  0.20454545    0.20454545    0.20454545
		----    13:  0.20454545    0.20454545    0.20454545
--    48:  0.21428571    0.21428571    1.00000000
	---    17:  0.10714286    0.10714286    0.21428571
		----    79:  0.10714286    0.10714286    0.21428571
--    49:  0.21875000    0.00000000    0.21875000
	---    83:  0.60937500    0.21875000    0.60937500
		----    57:  0.60937500    0.21875000    0.60937500
--    50:  0.22727273    0.22727273    0.22727273
	---    37:  0.22727273    0.22727273    0.22727273
		----    12:  0.22727273    0.22727273    0.22727273
--    51:  0.24107143    0.24107143    0.00000000
	---    20:  0.12053571    0.12053571    0.24107143
		----    78:  0.12053571    0.12053571    0.24107143
--    52:  0.25000000    0.00000000    0.25000000
	---    84:  0.62500000    0.25000000    0.62500000
		----    58:  0.62500000    0.25000000    0.62500000
--    53:  0.25000000    0.25000000    0.25000000
	---    42:  0.25000000    0.25000000    0.25000000
		----    11:  0.25000000    0.25000000    0.25000000
--    54:  0.26785714    0.26785714    1.00000000
	---    21:  0.13392857    0.13392857    0.26785714
		----    77:  0.13392857    0.13392857    0.26785714
--    55:  0.27272727    0.27272727    0.27272727
	---    46:  0.27272727    0.27272727    0.27272727
		----    10:  0.27272727    0.27272727    0.27272727
--    56:  0.29464286    0.29464286    0.00000000
	---    24:  0.14732143    0.14732143    0.29464286
		----    76:  0.14732143    0.14732143    0.29464286
--    57:  0.29545455    0.29545455    0.29545455
	---    50:  0.29545455    0.29545455    0.29545455
		----     9:  0.29545455    0.29545455    0.29545455
--    58:  0.31818182    0.31818182    0.31818182
	---    53:  0.31818182    0.31818182    0.31818182
		----     8:  0.31818182    0.31818182    0.31818182
--    59:  0.32142857    0.32142857    0.00000000
	---    27:  0.16071429    0.16071429    0.32142857
		----    75:  0.16071429    0.16071429    0.32142857
--    60:  0.34090909    0.34090909    0.34090909
	---    57:  0.34090909    0.34090909    0.34090909
		----     7:  0.34090909    0.34090909    0.34090909
--    61:  0.34821429    0.34821429    0.00000000
	---    29:  0.17410714    0.17410714    0.34821429
		----    74:  0.17410714    0.17410714    0.34821429
--    62:  0.36363636    0.36363636    0.36363636
	---    61:  0.36363636    0.36363636    0.36363636
		----     6:  0.36363636    0.36363636    0.36363636
--    63:  0.37500000    0.37500000    0.00000000
	---    31:  0.18750000    0.18750000    0.37500000
		----    73:  0.18750000    0.18750000    0.37500000
--    64:  0.38636364    0.38636364    0.38636364
	---    65:  0.38636364    0.38636364    0.38636364
		----     5:  0.38636364    0.38636364    0.38636364
--    65:  0.40178571    0.40178571    1.00000000
	---    33:  0.20089286    0.20089286    0.40178571
		----    72:  0.20089286    0.20089286    0.40178571
--    66:  0.40909091    0.40909091    0.40909091
	---    67:  0.40909091    0.40909091    0.40909091
		----     4:  0.40909091    0.40909091    0.40909091
--    67:  0.42857143    0.42857143    0.00000000
	---    36:  0.21428571    0.21428571    0.42857143
		----    71:  0.21428571    0.21428571    0.42857143
--    68:  0.43181818    0.43181818    0.43181818
	---    69:  0.43181818    0.43181818    0.43181818
		----     3:  0.43181818    0.43181818    0.43181818
--    69:  0.45454545    0.45454545    0.45454545
	---    71:  0.45454545    0.45454545    0.45454545
		----     2:  0.45454545    0.45454545    0.45454545
--    70:  0.45535714    0.45535714    1.00000000
	---    38:  0.22767857    0.22767857    0.45535714
		----    70:  0.22767857    0.22767857    0.45535714
--    71:  0.47727273    0.47727273    0.47727273
	---    73:  0.47727273    0.47727273    0.47727273
		----     1:  0.47727273    0.47727273    0.47727273
--    72:  0.48214286    0.48214286    0.00000000
	---    40:  0.24107143    0.24107143    0.48214286
		----    69:  0.24107143    0.24107143    0.48214286
--    73:  0.50000000    0.50000000    0.50000000
	---    76:  0.50000000    0.50000000    0.50000000
		----     0:  0.50000000    0.50000000    0.50000000
--    74:  0.50892857    0.50892857    0.00000000
	---    43:  0.25446429    0.25446429    0.50892857
		----    68:  0.25446429    0.25446429    0.50892857
--    75:  0.53571429    0.53571429    0.00000000
	---    44:  0.26785714    0.26785714    0.53571429
		----    67:  0.26785714    0.26785714    0.53571429
--    76:  0.56250000    0.56250000    0.00000000
	---    47:  0.28125000    0.28125000    0.56250000
		----    66:  0.28125000    0.28125000    0.56250000
--    77:  0.58928571    0.58928571    1.00000000
	---    49:  0.29464286    0.29464286    0.58928571
		----    65:  0.29464286    0.29464286    0.58928571
--    78:  0.61607143    0.61607143    0.00000000
	---    52:  0.30803571    0.30803571    0.61607143
		----    64:  0.30803571    0.30803571    0.61607143
--    79:  0.64285714    0.64285714    1.00000000
	---    54:  0.32142857    0.32142857    0.64285714
		----    63:  0.32142857    0.32142857    0.64285714
--    80:  0.66964286    0.66964286    0.00000000
	---    56:  0.33482143    0.33482143    0.66964286
		----    62:  0.33482143    0.33482143    0.66964286
--    81:  0.69642857    0.69642857    0.00000000
	---    59:  0.34821429    0.34821429    0.69642857
		----    61:  0.34821429    0.34821429    0.69642857
--    82:  0.72321429    0.72321429    0.00000000
	---    60:  0.36160714    0.36160714    0.72321429
		----    60:  0.36160714    0.36160714    0.72321429
--    83:  0.75000000    0.75000000    0.00000000
	---    63:  0.37500000    0.37500000    0.75000000
		----    59:  0.37500000    0.37500000    0.75000000
========================================================================
- Saving Kpoints to file....
-- Filepath: /local/MyGitHub/TestInstall/Test/RunVasp/input/KPOINTS_SC
- Done
========================================================================
- Saving kpoints to file....
-- Filepath: /local/MyGitHub/TestInstall/Test/RunVasp/input/KPOINTS_PC
- Done
========================================================================
- Saving SC Kpoints - PC kpoints indices mapping to file....
-- Filepath: /local/MyGitHub/TestInstall/Test/RunVasp/input/KPOINTS_SCPC_map.pkl
- Done
========================================================================
- Saving special kpoints position indices and labels to file....
-- Filepath: /local/MyGitHub/TestInstall/Test/RunVasp/input/KPOINTS_SpecialKpoints.pkl
- Done
- Generating SC Kpoints - done
========================================================================
- Reading bandstructure...


 ----------INFORMATION ABOUT THE UNIT CELL----------- 


Primitive vectors : 
 [[5.43 0.   0.  ]
 [0.   5.43 0.  ]
 [0.   0.   5.43]] 
 Atomic positions: 
 [[0.   0.   0.  ]
 [0.   0.5  0.5 ]
 [0.5  0.5  0.  ]
 [0.5  0.   0.5 ]
 [0.75 0.25 0.75]
 [0.25 0.25 0.25]
 [0.25 0.75 0.75]
 [0.75 0.75 0.25]] 
 Atom type indices: 
 [1, 1, 1, 1, 1, 1, 1, 1]
 Reciprocal lattice:
 [[1.15712437 0.         0.        ]
 [0.         1.15712437 0.        ]
 [0.         0.         1.15712437]]
Reading symmetries from tables
Neither refUC nor shiftUC were specified in CLI and searchcell was False. Taking 3x3 identity matrix as refUC and shiftUC=(0,0,0). If you want to calculate the transformation to conventional cell, run IrRep with -searchcell

The cell transformation is given by: 
        |   1.0000  0.0000  0.0000 |
refUC = |   0.0000  1.0000  0.0000 |    shiftUC = [0. 0. 0.]
        |   0.0000  0.0000  1.0000 |

Lattice vectors of DFT (a) and reference (c) cells:
a(0)=[  5.4300  0.0000  0.0000 ]    c(0)=[  5.4300  0.0000  0.0000 ]
a(1)=[  0.0000  5.4300  0.0000 ]    c(1)=[  0.0000  5.4300  0.0000 ]
a(2)=[  0.0000  0.0000  5.4300 ]    c(2)=[  0.0000  0.0000  5.4300 ]
Efermi = 0.0000 eV
WAVECAR contains 84 k-points and 88 bands.
 Saving 88 bands starting from 1 in the output
Energy cutoff in WAVECAR :  245.345
Energy cutoff reduced to :  245.345
0 0
10 1045
0 0
10 1045
0 0
10 1046
0 0
10 1046
0 0
10 1050
0 0
10 1050
0 0
10 1054
0 0
10 1050
0 0
10 1050
0 0
10 1050
0 0
10 1054
0 0
10 1054
0 0
10 1054
0 0
10 1050
0 0
10 1050
0 0
10 1042
0 0
10 1042
0 0
10 1038
0 0
10 1034
0 0
10 1034
0 0
10 1034
0 0
10 1026
0 0
10 1026
0 0
10 1022
0 0
10 1022
0 0
10 1021
0 0
10 1045
0 0
10 1021
0 0
10 1045
0 0
10 1045
0 0
10 1045
0 0
10 1045
0 0
10 1048
0 0
10 1023
0 0
10 1048
0 0
10 1047
0 0
10 1047
0 0
10 1048
0 0
10 1049
0 0
10 1049
0 0
10 1054
0 0
10 1053
0 0
10 1054
0 0
10 1053
0 0
10 1057
0 0
10 1057
0 0
10 1057
0 0
10 1057
0 0
10 1029
0 0
10 1057
0 0
10 1063
0 0
10 1057
0 0
10 1053
0 0
10 1063
0 0
10 1025
0 0
10 1063
0 0
10 1059
0 0
10 1069
0 0
10 1069
0 0
10 1059
0 0
10 1072
0 0
10 1059
0 0
10 1072
0 0
10 1063
0 0
10 1060
0 0
10 1029
0 0
10 1060
0 0
10 1057
0 0
10 1054
0 0
10 1054
0 0
10 1023
0 0
10 1042
0 0
10 1045
0 0
10 1042
0 0
10 1045
0 0
10 1045
0 0
10 1047
0 0
10 1014
0 0
10 1043
0 0
10 1006
0 0
10 1031
0 0
10 1031
0 0
10 1029
0 0
10 1017
- Reading bandstructure - done
========================================================================
- Unfolding band structure...
========================================================================
- Unfolded PC k-points from postprocessed wavefunction file:[k on path (A^-1), k1, k2, k3]
--   0.00000000    0.50000000    0.50000000    0.50000000
--   0.04554996    0.47727273    0.47727273    0.47727273
--   0.09109992    0.45454545    0.45454545    0.45454545
--   0.13664988    0.43181818    0.43181818    0.43181818
--   0.18219984    0.40909091    0.40909091    0.40909091
--   0.22774979    0.38636364    0.38636364    0.38636364
--   0.27329975    0.36363636    0.36363636    0.36363636
--   0.31884971    0.34090909    0.34090909    0.34090909
--   0.36439967    0.31818182    0.31818182    0.31818182
--   0.40994963    0.29545455    0.29545455    0.29545455
--   0.45549959    0.27272727    0.27272727    0.27272727
--   0.50104955    0.25000000    0.25000000    0.25000000
--   0.54659951    0.22727273    0.22727273    0.22727273
--   0.59214947    0.20454545    0.20454545    0.20454545
--   0.63769942    0.18181818    0.18181818    0.18181818
--   0.68324938    0.15909091    0.15909091    0.15909091
--   0.72879934    0.13636364    0.13636364    0.13636364
--   0.77434930    0.11363636    0.11363636    0.11363636
--   0.81989926    0.09090909    0.09090909    0.09090909
--   0.86544922    0.06818182    0.06818182    0.06818182
--   0.91099918    0.04545455    0.04545455    0.04545455
--   0.95654914    0.02272727    0.02272727    0.02272727
--   1.00209910    0.00000000    0.00000000    0.00000000
--   1.00209910    0.00000000    0.00000000    0.00000000
--   1.03356873    0.01923077    0.00000000    0.01923077
--   1.06503836    0.03846154    0.00000000    0.03846154
--   1.09650800    0.05769231    0.00000000    0.05769231
--   1.12797763    0.07692308    0.00000000    0.07692308
--   1.15944727    0.09615385    0.00000000    0.09615385
--   1.19091690    0.11538462    0.00000000    0.11538462
--   1.22238653    0.13461538    0.00000000    0.13461538
--   1.25385617    0.15384615    0.00000000    0.15384615
--   1.28532580    0.17307692    0.00000000    0.17307692
--   1.31679544    0.19230769    0.00000000    0.19230769
--   1.34826507    0.21153846    0.00000000    0.21153846
--   1.37973471    0.23076923    0.00000000    0.23076923
--   1.41120434    0.25000000    0.00000000    0.25000000
--   1.44267397    0.26923077    0.00000000    0.26923077
--   1.47414361    0.28846154    0.00000000    0.28846154
--   1.50561324    0.30769231    0.00000000    0.30769231
--   1.53708288    0.32692308    0.00000000    0.32692308
--   1.56855251    0.34615385    0.00000000    0.34615385
--   1.60002214    0.36538462    0.00000000    0.36538462
--   1.63149178    0.38461538    0.00000000    0.38461538
--   1.66296141    0.40384615    0.00000000    0.40384615
--   1.69443105    0.42307692    0.00000000    0.42307692
--   1.72590068    0.44230769    0.00000000    0.44230769
--   1.75737031    0.46153846    0.00000000    0.46153846
--   1.78883995    0.48076923    0.00000000    0.48076923
--   1.82030958    0.50000000    0.00000000    0.50000000
--   1.82030958    0.50000000    0.00000000    0.50000000
--   1.86459652    0.51562500    0.03125000    0.51562500
--   1.90888347    0.53125000    0.06250000    0.53125000
--   1.95317041    0.54687500    0.09375000    0.54687500
--   1.99745735    0.56250000    0.12500000    0.56250000
--   2.04174429    0.57812500    0.15625000    0.57812500
--   2.08603123    0.59375000    0.18750000    0.59375000
--   2.13031817    0.60937500    0.21875000    0.60937500
--   2.17460512    0.62500000    0.25000000    0.62500000
--   2.17460512    0.37500000    0.37500000    0.75000000
--   2.21256535    0.36160714    0.36160714    0.72321429
--   2.25052559    0.34821429    0.34821429    0.69642857
--   2.28848582    0.33482143    0.33482143    0.66964286
--   2.32644606    0.32142857    0.32142857    0.64285714
--   2.36440629    0.30803571    0.30803571    0.61607143
--   2.40236653    0.29464286    0.29464286    0.58928571
--   2.44032677    0.28125000    0.28125000    0.56250000
--   2.47828700    0.26785714    0.26785714    0.53571429
--   2.51624724    0.25446429    0.25446429    0.50892857
--   2.55420747    0.24107143    0.24107143    0.48214286
--   2.59216771    0.22767857    0.22767857    0.45535714
--   2.63012794    0.21428571    0.21428571    0.42857143
--   2.66808818    0.20089286    0.20089286    0.40178571
--   2.70604842    0.18750000    0.18750000    0.37500000
--   2.74400865    0.17410714    0.17410714    0.34821429
--   2.78196889    0.16071429    0.16071429    0.32142857
--   2.81992912    0.14732143    0.14732143    0.29464286
--   2.85788936    0.13392857    0.13392857    0.26785714
--   2.89584959    0.12053571    0.12053571    0.24107143
--   2.93380983    0.10714286    0.10714286    0.21428571
--   2.97177006    0.09375000    0.09375000    0.18750000
--   3.00973030    0.08035714    0.08035714    0.16071429
--   3.04769054    0.06696429    0.06696429    0.13392857
--   3.08565077    0.05357143    0.05357143    0.10714286
--   3.12361101    0.04017857    0.04017857    0.08035714
--   3.16157124    0.02678571    0.02678571    0.05357143
--   3.19953148    0.01339286    0.01339286    0.02678571
--   3.23749171    0.00000000    0.00000000    0.00000000
========================================================================
- Saving unfolded kpoints to file...
-- Filepath: /local/MyGitHub/TestInstall/Test/RunVasp/results/kpoints_unfolded.dat
- Done
========================================================================
- Saving unfolded bandstructure to file...
-- Filepath: /local/MyGitHub/TestInstall/Test/RunVasp/results/bandstructure_unfolded.dat
- Done
- Unfolding - done
========================================================================
- Plotting band structure...
- Plotting band structures...
-- Efermi was set to 5.974 eV
- Plotting band structure - done
